<?xml version="1.0" encoding="UTF-8"?>
<!-- Generated by org.testng.reporters.JUnitXMLReporter -->
<testsuite ignored="0" hostname="LTIN520175" failures="0" tests="6" name="Test" time="56.15" errors="0" timestamp="2024-06-14T18:58:55 IST">
  <testcase classname="miniProject.Mainclass" name="launchingApplication" time="4.546"/>
  <testcase classname="miniProject.Mainclass" name="maximizeApplication" time="0.706"/>
  <testcase classname="miniProject.Mainclass" name="searchItem" time="4.802"/>
  <testcase classname="miniProject.Mainclass" name="validation" time="1.59"/>
  <testcase classname="miniProject.Mainclass" name="selectDropdown" time="2.936"/>
  <testcase classname="miniProject.Mainclass" name="writingExcel" time="0.498"/>
</testsuite> <!-- Test -->
