<?xml version="1.0" encoding="UTF-8"?>
<testng-results ignored="0" total="6" passed="6" failed="0" skipped="0">
  <reporter-output>
  </reporter-output>
  <suite started-at="2024-06-14T18:57:59 IST" name="Suite" finished-at="2024-06-14T18:58:55 IST" duration-ms="56150">
    <groups>
    </groups>
    <test started-at="2024-06-14T18:57:59 IST" name="Test" finished-at="2024-06-14T18:58:55 IST" duration-ms="56150">
      <class name="miniProject.Mainclass">
        <test-method is-config="true" signature="Beforeclass()[pri:0, instance:miniProject.Mainclass@7ce026d3]" started-at="2024-06-14T18:57:59 IST" name="Beforeclass" finished-at="2024-06-14T18:58:33 IST" duration-ms="33683" status="PASS">
          <reporter-output>
          </reporter-output>
        </test-method> <!-- Beforeclass -->
        <test-method signature="launchingApplication()[pri:1, instance:miniProject.Mainclass@7ce026d3]" started-at="2024-06-14T18:58:33 IST" name="launchingApplication" finished-at="2024-06-14T18:58:38 IST" duration-ms="4546" status="PASS">
          <reporter-output>
          </reporter-output>
        </test-method> <!-- launchingApplication -->
        <test-method signature="maximizeApplication()[pri:2, instance:miniProject.Mainclass@7ce026d3]" started-at="2024-06-14T18:58:38 IST" name="maximizeApplication" finished-at="2024-06-14T18:58:38 IST" duration-ms="706" status="PASS">
          <reporter-output>
          </reporter-output>
        </test-method> <!-- maximizeApplication -->
        <test-method signature="searchItem()[pri:3, instance:miniProject.Mainclass@7ce026d3]" started-at="2024-06-14T18:58:38 IST" name="searchItem" finished-at="2024-06-14T18:58:43 IST" duration-ms="4802" status="PASS">
          <reporter-output>
          </reporter-output>
        </test-method> <!-- searchItem -->
        <test-method signature="validation()[pri:4, instance:miniProject.Mainclass@7ce026d3]" started-at="2024-06-14T18:58:43 IST" name="validation" finished-at="2024-06-14T18:58:45 IST" duration-ms="1590" status="PASS">
          <reporter-output>
          </reporter-output>
        </test-method> <!-- validation -->
        <test-method signature="selectDropdown()[pri:5, instance:miniProject.Mainclass@7ce026d3]" started-at="2024-06-14T18:58:45 IST" name="selectDropdown" finished-at="2024-06-14T18:58:48 IST" duration-ms="2936" status="PASS">
          <reporter-output>
          </reporter-output>
        </test-method> <!-- selectDropdown -->
        <test-method signature="writingExcel()[pri:6, instance:miniProject.Mainclass@7ce026d3]" started-at="2024-06-14T18:58:48 IST" name="writingExcel" finished-at="2024-06-14T18:58:48 IST" duration-ms="498" status="PASS">
          <reporter-output>
          </reporter-output>
        </test-method> <!-- writingExcel -->
        <test-method is-config="true" signature="afterclass()[pri:0, instance:miniProject.Mainclass@7ce026d3]" started-at="2024-06-14T18:58:48 IST" name="afterclass" finished-at="2024-06-14T18:58:55 IST" duration-ms="6516" status="PASS">
          <reporter-output>
          </reporter-output>
        </test-method> <!-- afterclass -->
      </class> <!-- miniProject.Mainclass -->
    </test> <!-- Test -->
  </suite> <!-- Suite -->
</testng-results>
